[debug] [2024-11-09T06:32:08.639Z] ----------------------------------------------------------------------
[debug] [2024-11-09T06:32:08.646Z] Command:       /Users/arthurmrv/.nvm/versions/node/v20.18.0/bin/node /Users/arthurmrv/.nvm/versions/node/v20.18.0/bin/firebase init
[debug] [2024-11-09T06:32:08.646Z] CLI Version:   13.24.2
[debug] [2024-11-09T06:32:08.646Z] Platform:      darwin
[debug] [2024-11-09T06:32:08.647Z] Node Version:  v20.18.0
[debug] [2024-11-09T06:32:08.647Z] Time:          Sat Nov 09 2024 07:32:08 GMT+0100 (Central European Standard Time)
[debug] [2024-11-09T06:32:08.647Z] ----------------------------------------------------------------------
[debug] 
[debug] [2024-11-09T06:32:08.651Z] > command requires scopes: ["email","openid","https://www.googleapis.com/auth/cloudplatformprojects.readonly","https://www.googleapis.com/auth/firebase","https://www.googleapis.com/auth/cloud-platform"]
[debug] [2024-11-09T06:32:08.652Z] > authorizing via signed-in user (tankt8533@gmail.com)
[info] 
     ######## #### ########  ######## ########     ###     ######  ########
     ##        ##  ##     ## ##       ##     ##  ##   ##  ##       ##
     ######    ##  ########  ######   ########  #########  ######  ######
     ##        ##  ##    ##  ##       ##     ## ##     ##       ## ##
     ##       #### ##     ## ######## ########  ##     ##  ######  ########

You're about to initialize a Firebase project in this directory:

  /Users/arthurmrv/Desktop/Chinois

[info] 
=== Project Setup
[info] 
[info] First, let's associate this project directory with a Firebase project.
[info] You can create multiple project aliases by running firebase use --add, 
[info] but for now we'll just set up a default project.
[info] 
[info] i  If you want to create a project in a Google Cloud organization or folder, please use "firebase projects:create" instead, and return to this command when you've created the project. 
[debug] [2024-11-09T06:32:39.745Z] Checked if tokens are valid: false, expires at: 1730074986115
[debug] [2024-11-09T06:32:39.746Z] Checked if tokens are valid: false, expires at: 1730074986115
[debug] [2024-11-09T06:32:39.746Z] > refreshing access token with scopes: []
[debug] [2024-11-09T06:32:39.748Z] >>> [apiv2][query] POST https://www.googleapis.com/oauth2/v3/token [none]
[debug] [2024-11-09T06:32:39.748Z] >>> [apiv2][body] POST https://www.googleapis.com/oauth2/v3/token [omitted]
[debug] [2024-11-09T06:32:40.005Z] <<< [apiv2][status] POST https://www.googleapis.com/oauth2/v3/token 200
[debug] [2024-11-09T06:32:40.005Z] <<< [apiv2][body] POST https://www.googleapis.com/oauth2/v3/token [omitted]
[debug] [2024-11-09T06:32:40.016Z] >>> [apiv2][query] POST https://cloudresourcemanager.googleapis.com/v1/projects [none]
[debug] [2024-11-09T06:32:40.017Z] >>> [apiv2][body] POST https://cloudresourcemanager.googleapis.com/v1/projects {"projectId":"ChineseMCQ","name":"ChineseMCQ"}
[debug] [2024-11-09T06:32:40.927Z] <<< [apiv2][status] POST https://cloudresourcemanager.googleapis.com/v1/projects 400
[debug] [2024-11-09T06:32:40.927Z] <<< [apiv2][body] POST https://cloudresourcemanager.googleapis.com/v1/projects {"error":{"code":400,"message":"field [project_id] has issue [project_id contains invalid characters]","status":"INVALID_ARGUMENT","details":[{"@type":"type.googleapis.com/google.rpc.BadRequest","fieldViolations":[{"field":"project_id","description":"project_id contains invalid characters"}]},{"@type":"type.googleapis.com/google.rpc.Help","links":[{"url":"https://cloud.google.com/resource-manager/reference/rest/v1/projects"}]}]}}
[debug] [2024-11-09T06:32:41.071Z] FirebaseError: Request to https://cloudresourcemanager.googleapis.com/v1/projects had HTTP Error: 400, field [project_id] has issue [project_id contains invalid characters]
    at responseToError (/Users/arthurmrv/.nvm/versions/node/v20.18.0/lib/node_modules/firebase-tools/lib/responseToError.js:52:12)
    at RetryOperation._fn (/Users/arthurmrv/.nvm/versions/node/v20.18.0/lib/node_modules/firebase-tools/lib/apiv2.js:312:77)
    at process.processTicksAndRejections (node:internal/process/task_queues:95:5)
[error] 
[error] Error: Failed to create project. See firebase-debug.log for more info.
[debug] [2024-11-09T06:33:40.032Z] ----------------------------------------------------------------------
[debug] [2024-11-09T06:33:40.039Z] Command:       /Users/arthurmrv/.nvm/versions/node/v20.18.0/bin/node /Users/arthurmrv/.nvm/versions/node/v20.18.0/bin/firebase init
[debug] [2024-11-09T06:33:40.039Z] CLI Version:   13.24.2
[debug] [2024-11-09T06:33:40.039Z] Platform:      darwin
[debug] [2024-11-09T06:33:40.039Z] Node Version:  v20.18.0
[debug] [2024-11-09T06:33:40.039Z] Time:          Sat Nov 09 2024 07:33:40 GMT+0100 (Central European Standard Time)
[debug] [2024-11-09T06:33:40.039Z] ----------------------------------------------------------------------
[debug] 
[debug] [2024-11-09T06:33:40.044Z] > command requires scopes: ["email","openid","https://www.googleapis.com/auth/cloudplatformprojects.readonly","https://www.googleapis.com/auth/firebase","https://www.googleapis.com/auth/cloud-platform"]
[debug] [2024-11-09T06:33:40.044Z] > authorizing via signed-in user (tankt8533@gmail.com)
[info] 
     ######## #### ########  ######## ########     ###     ######  ########
     ##        ##  ##     ## ##       ##     ##  ##   ##  ##       ##
     ######    ##  ########  ######   ########  #########  ######  ######
     ##        ##  ##    ##  ##       ##     ## ##     ##       ## ##
     ##       #### ##     ## ######## ########  ##     ##  ######  ########

You're about to initialize a Firebase project in this directory:

  /Users/arthurmrv/Desktop/Chinois

[info] 
=== Project Setup
[info] 
[info] First, let's associate this project directory with a Firebase project.
[info] You can create multiple project aliases by running firebase use --add, 
[info] but for now we'll just set up a default project.
[info] 
[info] i  If you want to create a project in a Google Cloud organization or folder, please use "firebase projects:create" instead, and return to this command when you've created the project. 
[debug] [2024-11-09T06:34:01.455Z] Checked if tokens are valid: true, expires at: 1731137559005
[debug] [2024-11-09T06:34:01.456Z] Checked if tokens are valid: true, expires at: 1731137559005
[debug] [2024-11-09T06:34:01.458Z] >>> [apiv2][query] POST https://cloudresourcemanager.googleapis.com/v1/projects [none]
[debug] [2024-11-09T06:34:01.458Z] >>> [apiv2][body] POST https://cloudresourcemanager.googleapis.com/v1/projects {"projectId":"chinese-mcq","name":"chinese-mcq"}
[debug] [2024-11-09T06:34:02.014Z] <<< [apiv2][status] POST https://cloudresourcemanager.googleapis.com/v1/projects 200
[debug] [2024-11-09T06:34:02.014Z] <<< [apiv2][body] POST https://cloudresourcemanager.googleapis.com/v1/projects {"name":"operations/cp.7878458023662002359"}
[debug] [2024-11-09T06:34:02.016Z] Checked if tokens are valid: true, expires at: 1731137559005
[debug] [2024-11-09T06:34:02.016Z] Checked if tokens are valid: true, expires at: 1731137559005
[debug] [2024-11-09T06:34:02.016Z] >>> [apiv2][query] GET https://cloudresourcemanager.googleapis.com/v1/operations/cp.7878458023662002359 [none]
[debug] [2024-11-09T06:34:02.927Z] <<< [apiv2][status] GET https://cloudresourcemanager.googleapis.com/v1/operations/cp.7878458023662002359 200
[debug] [2024-11-09T06:34:02.927Z] <<< [apiv2][body] GET https://cloudresourcemanager.googleapis.com/v1/operations/cp.7878458023662002359 {"name":"operations/cp.7878458023662002359"}
[debug] [2024-11-09T06:34:03.428Z] [Project Creation Poller] Retrying task index 0
[debug] [2024-11-09T06:34:03.429Z] Checked if tokens are valid: true, expires at: 1731137559005
[debug] [2024-11-09T06:34:03.430Z] Checked if tokens are valid: true, expires at: 1731137559005
[debug] [2024-11-09T06:34:03.430Z] >>> [apiv2][query] GET https://cloudresourcemanager.googleapis.com/v1/operations/cp.7878458023662002359 [none]
[debug] [2024-11-09T06:34:03.851Z] <<< [apiv2][status] GET https://cloudresourcemanager.googleapis.com/v1/operations/cp.7878458023662002359 200
[debug] [2024-11-09T06:34:03.851Z] <<< [apiv2][body] GET https://cloudresourcemanager.googleapis.com/v1/operations/cp.7878458023662002359 {"name":"operations/cp.7878458023662002359"}
[debug] [2024-11-09T06:34:04.852Z] [Project Creation Poller] Retrying task index 0
[debug] [2024-11-09T06:34:04.853Z] Checked if tokens are valid: true, expires at: 1731137559005
[debug] [2024-11-09T06:34:04.853Z] Checked if tokens are valid: true, expires at: 1731137559005
[debug] [2024-11-09T06:34:04.854Z] >>> [apiv2][query] GET https://cloudresourcemanager.googleapis.com/v1/operations/cp.7878458023662002359 [none]
[debug] [2024-11-09T06:34:05.385Z] <<< [apiv2][status] GET https://cloudresourcemanager.googleapis.com/v1/operations/cp.7878458023662002359 200
[debug] [2024-11-09T06:34:05.386Z] <<< [apiv2][body] GET https://cloudresourcemanager.googleapis.com/v1/operations/cp.7878458023662002359 {"name":"operations/cp.7878458023662002359","metadata":{"@type":"type.googleapis.com/google.cloudresourcemanager.v1.ProjectCreationStatus","gettable":true}}
[debug] [2024-11-09T06:34:07.386Z] [Project Creation Poller] Retrying task index 0
[debug] [2024-11-09T06:34:07.387Z] Checked if tokens are valid: true, expires at: 1731137559005
[debug] [2024-11-09T06:34:07.387Z] Checked if tokens are valid: true, expires at: 1731137559005
[debug] [2024-11-09T06:34:07.388Z] >>> [apiv2][query] GET https://cloudresourcemanager.googleapis.com/v1/operations/cp.7878458023662002359 [none]
[debug] [2024-11-09T06:34:07.843Z] <<< [apiv2][status] GET https://cloudresourcemanager.googleapis.com/v1/operations/cp.7878458023662002359 200
[debug] [2024-11-09T06:34:07.843Z] <<< [apiv2][body] GET https://cloudresourcemanager.googleapis.com/v1/operations/cp.7878458023662002359 {"name":"operations/cp.7878458023662002359","metadata":{"@type":"type.googleapis.com/google.cloudresourcemanager.v1.ProjectCreationStatus","gettable":true,"ready":true},"done":true,"response":{"@type":"type.googleapis.com/google.cloudresourcemanager.v1.Project","projectNumber":"594827013033","projectId":"chinese-mcq","lifecycleState":"ACTIVE","name":"chinese-mcq","createTime":"2024-11-09T06:34:03.756661Z"}}
[debug] [2024-11-09T06:34:07.845Z] Checked if tokens are valid: true, expires at: 1731137559005
[debug] [2024-11-09T06:34:07.845Z] Checked if tokens are valid: true, expires at: 1731137559005
[debug] [2024-11-09T06:34:07.845Z] >>> [apiv2][query] POST https://firebase.googleapis.com/v1beta1/projects/chinese-mcq:addFirebase [none]
[debug] [2024-11-09T06:34:12.453Z] <<< [apiv2][status] POST https://firebase.googleapis.com/v1beta1/projects/chinese-mcq:addFirebase 200
[debug] [2024-11-09T06:34:12.453Z] <<< [apiv2][body] POST https://firebase.googleapis.com/v1beta1/projects/chinese-mcq:addFirebase {"name":"operations/workflows/ZTU5N2IxMDktZWE2NC00NWJkLTg0YjYtM2Q0NjBiYmY5MTFl"}
[debug] [2024-11-09T06:34:12.453Z] Checked if tokens are valid: true, expires at: 1731137559005
[debug] [2024-11-09T06:34:12.453Z] Checked if tokens are valid: true, expires at: 1731137559005
[debug] [2024-11-09T06:34:12.453Z] >>> [apiv2][query] GET https://firebase.googleapis.com/v1beta1/operations/workflows/ZTU5N2IxMDktZWE2NC00NWJkLTg0YjYtM2Q0NjBiYmY5MTFl [none]
[debug] [2024-11-09T06:34:16.141Z] <<< [apiv2][status] GET https://firebase.googleapis.com/v1beta1/operations/workflows/ZTU5N2IxMDktZWE2NC00NWJkLTg0YjYtM2Q0NjBiYmY5MTFl 200
[debug] [2024-11-09T06:34:16.141Z] <<< [apiv2][body] GET https://firebase.googleapis.com/v1beta1/operations/workflows/ZTU5N2IxMDktZWE2NC00NWJkLTg0YjYtM2Q0NjBiYmY5MTFl {"name":"operations/workflows/ZTU5N2IxMDktZWE2NC00NWJkLTg0YjYtM2Q0NjBiYmY5MTFl"}
[debug] [2024-11-09T06:34:16.642Z] [Add Firebase Poller] Retrying task index 0
[debug] [2024-11-09T06:34:16.643Z] Checked if tokens are valid: true, expires at: 1731137559005
[debug] [2024-11-09T06:34:16.643Z] Checked if tokens are valid: true, expires at: 1731137559005
[debug] [2024-11-09T06:34:16.643Z] >>> [apiv2][query] GET https://firebase.googleapis.com/v1beta1/operations/workflows/ZTU5N2IxMDktZWE2NC00NWJkLTg0YjYtM2Q0NjBiYmY5MTFl [none]
[debug] [2024-11-09T06:34:17.366Z] <<< [apiv2][status] GET https://firebase.googleapis.com/v1beta1/operations/workflows/ZTU5N2IxMDktZWE2NC00NWJkLTg0YjYtM2Q0NjBiYmY5MTFl 200
[debug] [2024-11-09T06:34:17.366Z] <<< [apiv2][body] GET https://firebase.googleapis.com/v1beta1/operations/workflows/ZTU5N2IxMDktZWE2NC00NWJkLTg0YjYtM2Q0NjBiYmY5MTFl {"name":"operations/workflows/ZTU5N2IxMDktZWE2NC00NWJkLTg0YjYtM2Q0NjBiYmY5MTFl"}
[debug] [2024-11-09T06:34:18.367Z] [Add Firebase Poller] Retrying task index 0
[debug] [2024-11-09T06:34:18.369Z] Checked if tokens are valid: true, expires at: 1731137559005
[debug] [2024-11-09T06:34:18.369Z] Checked if tokens are valid: true, expires at: 1731137559005
[debug] [2024-11-09T06:34:18.369Z] >>> [apiv2][query] GET https://firebase.googleapis.com/v1beta1/operations/workflows/ZTU5N2IxMDktZWE2NC00NWJkLTg0YjYtM2Q0NjBiYmY5MTFl [none]
[debug] [2024-11-09T06:34:19.209Z] <<< [apiv2][status] GET https://firebase.googleapis.com/v1beta1/operations/workflows/ZTU5N2IxMDktZWE2NC00NWJkLTg0YjYtM2Q0NjBiYmY5MTFl 200
[debug] [2024-11-09T06:34:19.209Z] <<< [apiv2][body] GET https://firebase.googleapis.com/v1beta1/operations/workflows/ZTU5N2IxMDktZWE2NC00NWJkLTg0YjYtM2Q0NjBiYmY5MTFl {"name":"operations/workflows/ZTU5N2IxMDktZWE2NC00NWJkLTg0YjYtM2Q0NjBiYmY5MTFl"}
[debug] [2024-11-09T06:34:21.211Z] [Add Firebase Poller] Retrying task index 0
[debug] [2024-11-09T06:34:21.212Z] Checked if tokens are valid: true, expires at: 1731137559005
[debug] [2024-11-09T06:34:21.212Z] Checked if tokens are valid: true, expires at: 1731137559005
[debug] [2024-11-09T06:34:21.212Z] >>> [apiv2][query] GET https://firebase.googleapis.com/v1beta1/operations/workflows/ZTU5N2IxMDktZWE2NC00NWJkLTg0YjYtM2Q0NjBiYmY5MTFl [none]
[debug] [2024-11-09T06:34:21.975Z] <<< [apiv2][status] GET https://firebase.googleapis.com/v1beta1/operations/workflows/ZTU5N2IxMDktZWE2NC00NWJkLTg0YjYtM2Q0NjBiYmY5MTFl 200
[debug] [2024-11-09T06:34:21.975Z] <<< [apiv2][body] GET https://firebase.googleapis.com/v1beta1/operations/workflows/ZTU5N2IxMDktZWE2NC00NWJkLTg0YjYtM2Q0NjBiYmY5MTFl {"name":"operations/workflows/ZTU5N2IxMDktZWE2NC00NWJkLTg0YjYtM2Q0NjBiYmY5MTFl","done":true,"response":{"@type":"type.googleapis.com/google.firebase.service.v1beta1.FirebaseProject","projectId":"chinese-mcq","projectNumber":"594827013033","displayName":"chinese-mcq","name":"projects/chinese-mcq","resources":{"hostingSite":"chinese-mcq"}}}
[info] 
[info] 🎉🎉🎉 Your Firebase project is ready! 🎉🎉🎉
[info] 
[info] Project information:
[info]    - Project ID: chinese-mcq
[info]    - Project Name: chinese-mcq
[info] 
[info] Firebase console is available at
[info] https://console.firebase.google.com/project/chinese-mcq/overview
[info] i  Using project chinese-mcq (chinese-mcq) 
[info] 
=== Hosting Setup
[debug] [2024-11-09T06:34:21.987Z] Checked if tokens are valid: true, expires at: 1731137559005
[debug] [2024-11-09T06:34:21.987Z] Checked if tokens are valid: true, expires at: 1731137559005
[debug] [2024-11-09T06:34:21.987Z] >>> [apiv2][query] GET https://firebase.googleapis.com/v1beta1/projects/chinese-mcq [none]
[debug] [2024-11-09T06:34:23.088Z] <<< [apiv2][status] GET https://firebase.googleapis.com/v1beta1/projects/chinese-mcq 200
[debug] [2024-11-09T06:34:23.088Z] <<< [apiv2][body] GET https://firebase.googleapis.com/v1beta1/projects/chinese-mcq {"projectId":"chinese-mcq","projectNumber":"594827013033","displayName":"chinese-mcq","name":"projects/chinese-mcq","resources":{"hostingSite":"chinese-mcq"},"state":"ACTIVE","etag":"1_44e0b401-5f1a-48eb-8e00-d40554e9e8da"}
[info] 
[info] Your public directory is the folder (relative to your project directory) that
[info] will contain Hosting assets to be uploaded with firebase deploy. If you
[info] have a build process for your assets, use your build's output directory.
[info] 
[debug] [2024-11-09T06:35:28.097Z] >>> [apiv2][query] GET https://www.gstatic.com/firebasejs/releases.json [none]
[debug] [2024-11-09T06:35:28.373Z] <<< [apiv2][status] GET https://www.gstatic.com/firebasejs/releases.json 200
[debug] [2024-11-09T06:35:28.374Z] <<< [apiv2][body] GET https://www.gstatic.com/firebasejs/releases.json {"current":{"version":"11.0.1","browserURL":"https://www.gstatic.com/firebasejs/11.0.1/firebase.js","packageURL":"https://www.gstatic.com/firebasejs/11.0.1/firebase.tgz"},"live":{"version":"11.0","browserURL":"https://www.gstatic.com/firebasejs/live/11.0/firebase.js","packageURL":"https://www.gstatic.com/firebasejs/live/11.0/firebase.tgz"},"components":{"analytics":"https://www.gstatic.com/firebasejs/11.0.1/firebase-analytics.js","app":"https://www.gstatic.com/firebasejs/11.0.1/firebase-app.js","app-check":"https://www.gstatic.com/firebasejs/11.0.1/firebase-app-check.js","auth":"https://www.gstatic.com/firebasejs/11.0.1/firebase-auth.js","auth/cordova":"https://www.gstatic.com/firebasejs/11.0.1/firebase-auth/cordova.js","auth/web-extension":"https://www.gstatic.com/firebasejs/11.0.1/firebase-auth/web-extension.js","functions":"https://www.gstatic.com/firebasejs/11.0.1/firebase-functions.js","firestore":"https://www.gstatic.com/firebasejs/11.0.1/firebase-firestore.js","firestore/lite":"https://www.gstatic.com/firebasejs/11.0.1/firebase-firestore/lite.js","installations":"https://www.gstatic.com/firebasejs/11.0.1/firebase-installations.js","storage":"https://www.gstatic.com/firebasejs/11.0.1/firebase-storage.js","performance":"https://www.gstatic.com/firebasejs/11.0.1/firebase-performance.js","remote-config":"https://www.gstatic.com/firebasejs/11.0.1/firebase-remote-config.js","messaging":"https://www.gstatic.com/firebasejs/11.0.1/firebase-messaging.js","messaging/sw":"https://www.gstatic.com/firebasejs/11.0.1/firebase-messaging/sw.js","database":"https://www.gstatic.com/firebasejs/11.0.1/firebase-database.js","vertexai":"https://www.gstatic.com/firebasejs/11.0.1/firebase-vertexai.js","data-connect":"https://www.gstatic.com/firebasejs/11.0.1/firebase-data-connect.js","firestore.memory":"https://www.gstatic.com/firebasejs/11.0.1/firebase-firestore.memory.js"}}
[info] ✔  Wrote public/index.html 
[info] 
[info] i  Didn't detect a .git folder. Assuming /Users/arthurmrv/Desktop/Chinois is the project root. 
[info] i  Authorizing with GitHub to upload your service account to a GitHub repository's secrets store. 
[info] 
[info] Visit this URL on this device to log in:
[info] https://github.com/login/oauth/authorize?client_id=89cf50f02ac6aaed3484&state=555049184&redirect_uri=http%3A%2F%2Flocalhost%3A9005&scope=read%3Auser%20repo%20public_repo
[info] 
[info] Waiting for authentication...
[debug] [2024-11-09T06:35:29.575Z] >>> [apiv2][query] POST https://github.com/login/oauth/access_token [none]
[debug] [2024-11-09T06:35:29.575Z] >>> [apiv2][body] POST https://github.com/login/oauth/access_token [stream]
[debug] [2024-11-09T06:35:30.008Z] <<< [apiv2][status] POST https://github.com/login/oauth/access_token 200
[debug] [2024-11-09T06:35:30.008Z] <<< [apiv2][body] POST https://github.com/login/oauth/access_token {"access_token":"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","token_type":"bearer","scope":"read:user,repo"}
[debug] [2024-11-09T06:35:30.015Z] >>> [apiv2][query] GET https://api.github.com/user [none]
[debug] [2024-11-09T06:35:30.384Z] <<< [apiv2][status] GET https://api.github.com/user 200
[debug] [2024-11-09T06:35:30.384Z] <<< [apiv2][body] GET https://api.github.com/user {"login":"ArthurrMrv","id":145776455,"node_id":"U_kgDOCLBfRw","avatar_url":"https://avatars.githubusercontent.com/u/145776455?v=4","gravatar_id":"","url":"https://api.github.com/users/ArthurrMrv","html_url":"https://github.com/ArthurrMrv","followers_url":"https://api.github.com/users/ArthurrMrv/followers","following_url":"https://api.github.com/users/ArthurrMrv/following{/other_user}","gists_url":"https://api.github.com/users/ArthurrMrv/gists{/gist_id}","starred_url":"https://api.github.com/users/ArthurrMrv/starred{/owner}{/repo}","subscriptions_url":"https://api.github.com/users/ArthurrMrv/subscriptions","organizations_url":"https://api.github.com/users/ArthurrMrv/orgs","repos_url":"https://api.github.com/users/ArthurrMrv/repos","events_url":"https://api.github.com/users/ArthurrMrv/events{/privacy}","received_events_url":"https://api.github.com/users/ArthurrMrv/received_events","type":"User","user_view_type":"private","site_admin":false,"name":"ArthurMorvan","company":null,"blog":"","location":null,"email":null,"hireable":null,"bio":"Student at CS","twitter_username":null,"notification_email":null,"public_repos":16,"public_gists":0,"followers":4,"following":7,"created_at":"2023-09-22T12:59:15Z","updated_at":"2024-11-08T13:37:47Z","private_gists":0,"total_private_repos":8,"owned_private_repos":8,"disk_usage":193972,"collaborators":2,"two_factor_authentication":true,"plan":{"name":"pro","space":976562499,"collaborators":0,"private_repos":9999}}
[info] 
[info] ✔  Success! Logged into GitHub as ArthurrMrv 
[info] 
